<?xml version="1.0" encoding="UTF-8"?>
<!-- Generated by org.testng.reporters.JUnitXMLReporter -->
<testsuite hostname="SM-4013" ignored="3" name="Goibibo Test" tests="4" failures="0" timestamp="09 Dec 2019 15:19:54 GMT" time="27.003" errors="0">
  <testcase name="validateEnteringWrongValuesInMandateFields" time="3.979" classname="testcases.HomePageTestCases"/>
  <testcase name="validateEnteringValuesInMandateFields" time="5.64" classname="testcases.HomePageTestCases"/>
  <testcase name="validateSearchPageValues" time="0.186" classname="testcases.SearchPageTestCases"/>
  <testcase name="validateSearchPagePricesValuesInDescendingOrder" time="1.921" classname="testcases.SearchPageTestCases"/>
  <testcase name="@AfterSuite tearDownReports" time="0.0" classname="basetest.BaseTest">
    <ignored/>
  </testcase> <!-- @AfterSuite tearDownReports -->
  <testcase name="@BeforeSuite initReport" time="0.0" classname="basetest.BaseTest">
    <ignored/>
  </testcase> <!-- @BeforeSuite initReport -->
  <testcase name="@BeforeTest launchBrowser" time="0.0" classname="basetest.BaseTest">
    <ignored/>
  </testcase> <!-- @BeforeTest launchBrowser -->
</testsuite> <!-- Goibibo Test -->
